<!DOCTYPE html>
<html>
<head>
<meta http-equiv="Content-Type" content="text/html; charset=utf-8"/>
<meta http-equiv="x-ua-compatible" content="IE=edge"/>
<title>Test results - Class com.example.AutoTellerMachineTest</title>
<link href="../css/base-style.css" rel="stylesheet" type="text/css"/>
<link href="../css/style.css" rel="stylesheet" type="text/css"/>
<script src="../js/report.js" type="text/javascript"></script>
</head>
<body>
<div id="content">
<h1>Class com.example.AutoTellerMachineTest</h1>
<div class="breadcrumbs">
<a href="../index.html">all</a> &gt; 
<a href="../packages/com.example.html">com.example</a> &gt; AutoTellerMachineTest</div>
<div id="summary">
<table>
<tr>
<td>
<div class="summaryGroup">
<table>
<tr>
<td>
<div class="infoBox" id="tests">
<div class="counter">3</div>
<p>tests</p>
</div>
</td>
<td>
<div class="infoBox" id="failures">
<div class="counter">3</div>
<p>failures</p>
</div>
</td>
<td>
<div class="infoBox" id="ignored">
<div class="counter">0</div>
<p>ignored</p>
</div>
</td>
<td>
<div class="infoBox" id="duration">
<div class="counter">1.037s</div>
<p>duration</p>
</div>
</td>
</tr>
</table>
</div>
</td>
<td>
<div class="infoBox failures" id="successRate">
<div class="percent">0%</div>
<p>successful</p>
</div>
</td>
</tr>
</table>
</div>
<div id="tabs">
<ul class="tabLinks">
<li>
<a href="#tab0">Failed tests</a>
</li>
<li>
<a href="#tab1">Tests</a>
</li>
</ul>
<div id="tab0" class="tab">
<h2>Failed tests</h2>
<div class="test">
<a name="should call banking service with correct amount"></a>
<h3 class="failures">should call banking service with correct amount</h3>
<span class="code">
<pre>io.mockk.MockKException: no answer found for: Printer(#1).print(Insufficient balance)
	at io.mockk.impl.stub.MockKStub.defaultAnswer(MockKStub.kt:93)
	at io.mockk.impl.stub.MockKStub.answer(MockKStub.kt:42)
	at io.mockk.impl.recording.states.AnsweringState.call(AnsweringState.kt:16)
	at io.mockk.impl.recording.CommonCallRecorder.call(CommonCallRecorder.kt:53)
	at io.mockk.impl.stub.MockKStub.handleInvocation(MockKStub.kt:266)
	at io.mockk.impl.instantiation.JvmMockFactoryHelper$mockHandler$1.invocation(JvmMockFactoryHelper.kt:23)
	at io.mockk.proxy.jvm.advice.Interceptor.call(Interceptor.kt:21)
	at com.example.Printer.print(Printer.kt:9)
	at com.example.AutoTellerMachine.withdraw(AutoTellerMachine.kt:10)
	at com.example.AutoTellerMachineTest$1$1.invokeSuspend(AutoTellerMachineTest.kt:18)
	at com.example.AutoTellerMachineTest$1$1.invoke(AutoTellerMachineTest.kt)
	at com.example.AutoTellerMachineTest$1$1.invoke(AutoTellerMachineTest.kt)
	at io.kotest.core.spec.style.scopes.StringSpecRootContext$invoke$1.invokeSuspend(StringSpecRootContext.kt:66)
	at io.kotest.core.spec.style.scopes.StringSpecRootContext$invoke$1.invoke(StringSpecRootContext.kt)
	at io.kotest.core.spec.style.scopes.StringSpecRootContext$invoke$1.invoke(StringSpecRootContext.kt)
	at io.kotest.core.internal.ExecutionsKt$executeWithBehaviours$2$1.invokeSuspend(executions.kt:13)
	at io.kotest.core.internal.ExecutionsKt$executeWithBehaviours$2$1.invoke(executions.kt)
	at io.kotest.core.internal.ExecutionsKt$executeWithBehaviours$2$1.invoke(executions.kt)
	at io.kotest.core.internal.ExecutionsKt.wrapTestWithGlobalAssert(executions.kt:39)
	at io.kotest.core.internal.ExecutionsKt.access$wrapTestWithGlobalAssert(executions.kt:1)
	at io.kotest.core.internal.ExecutionsKt$executeWithBehaviours$2.invokeSuspend(executions.kt:12)
	at io.kotest.core.internal.ExecutionsKt$executeWithBehaviours$2.invoke(executions.kt)
	at io.kotest.core.internal.ExecutionsKt$executeWithBehaviours$2.invoke(executions.kt)
	at io.kotest.core.internal.ExecutionsKt$wrapTestWithAssertionModeCheck$2.invokeSuspend(executions.kt:25)
	at io.kotest.core.internal.ExecutionsKt$wrapTestWithAssertionModeCheck$2.invoke(executions.kt)
	at io.kotest.core.internal.ExecutionsKt$wrapTestWithAssertionModeCheck$2.invoke(executions.kt)
	at io.kotest.core.internal.AssertionsCheckKt.executeWithAssertionsCheck(assertionsCheck.kt:25)
	at io.kotest.core.internal.ExecutionsKt.wrapTestWithAssertionModeCheck(executions.kt:24)
	at io.kotest.core.internal.ExecutionsKt.executeWithBehaviours(executions.kt:11)
	at io.kotest.core.internal.TestCaseExecutor$executeInScope$2.invokeSuspend(TestCaseExecutor.kt:268)
	at io.kotest.core.internal.TestCaseExecutor$executeInScope$2.invoke(TestCaseExecutor.kt)
	at io.kotest.core.internal.TestCaseExecutor$executeInScope$2.invoke(TestCaseExecutor.kt)
	at kotlinx.coroutines.intrinsics.UndispatchedKt.startUndispatchedOrReturn(Undispatched.kt:89)
	at kotlinx.coroutines.CoroutineScopeKt.coroutineScope(CoroutineScope.kt:264)
	at io.kotest.core.internal.TestCaseExecutor.executeInScope(TestCaseExecutor.kt:262)
	at io.kotest.core.internal.TestCaseExecutor.access$executeInScope(TestCaseExecutor.kt:57)
	at io.kotest.core.internal.TestCaseExecutor$executeAndWait$4$1$1$3$1$1.invokeSuspend(TestCaseExecutor.kt:234)
	at io.kotest.core.internal.TestCaseExecutor$executeAndWait$4$1$1$3$1$1.invoke(TestCaseExecutor.kt)
	at io.kotest.core.internal.TestCaseExecutor$executeAndWait$4$1$1$3$1$1.invoke(TestCaseExecutor.kt)
	at kotlinx.coroutines.intrinsics.UndispatchedKt.startUndispatchedOrReturnIgnoreTimeout(Undispatched.kt:100)
	at kotlinx.coroutines.TimeoutKt.setupTimeout(Timeout.kt:148)
	at kotlinx.coroutines.TimeoutKt.withTimeout(Timeout.kt:44)
	at io.kotest.core.internal.TestCaseExecutor$executeAndWait$4$1$1$3$1.invokeSuspend(TestCaseExecutor.kt:233)
	at io.kotest.core.internal.TestCaseExecutor$executeAndWait$4$1$1$3$1.invoke(TestCaseExecutor.kt)
	at io.kotest.core.internal.TestCaseExecutor$executeAndWait$4$1$1$3$1.invoke(TestCaseExecutor.kt)
	at io.kotest.engine.ExecutorExecutionContext$executeWithTimeoutInterruption$4.invokeSuspend(ExecutorExecutionContext.kt:77)
	at io.kotest.engine.ExecutorExecutionContext$executeWithTimeoutInterruption$4.invoke(ExecutorExecutionContext.kt)
	at io.kotest.engine.ExecutorExecutionContext$executeWithTimeoutInterruption$4.invoke(ExecutorExecutionContext.kt)
	at kotlinx.coroutines.intrinsics.UndispatchedKt.startUndispatchedOrReturn(Undispatched.kt:89)
	at kotlinx.coroutines.BuildersKt__Builders_commonKt.withContext(Builders.common.kt:165)
	at kotlinx.coroutines.BuildersKt.withContext(Unknown Source)
	at io.kotest.engine.ExecutorExecutionContext.executeWithTimeoutInterruption(ExecutorExecutionContext.kt:75)
	at io.kotest.core.internal.TestCaseExecutor$executeAndWait$4$1$1$3.invokeSuspend(TestCaseExecutor.kt:232)
	at io.kotest.core.internal.TestCaseExecutor$executeAndWait$4$1$1$3.invoke(TestCaseExecutor.kt)
	at io.kotest.core.internal.TestCaseExecutor$executeAndWait$4$1$1$3.invoke(TestCaseExecutor.kt)
	at io.kotest.mpp.ReplayKt.replay(replay.kt:18)
	at io.kotest.core.internal.TestCaseExecutor$executeAndWait$4$1$1.invokeSuspend(TestCaseExecutor.kt:227)
	at io.kotest.core.internal.TestCaseExecutor$executeAndWait$4$1$1.invoke(TestCaseExecutor.kt)
	at io.kotest.core.internal.TestCaseExecutor$executeAndWait$4$1$1.invoke(TestCaseExecutor.kt)
	at io.kotest.engine.ExecutorExecutionContext$executeWithTimeoutInterruption$4.invokeSuspend(ExecutorExecutionContext.kt:77)
	at io.kotest.engine.ExecutorExecutionContext$executeWithTimeoutInterruption$4.invoke(ExecutorExecutionContext.kt)
	at io.kotest.engine.ExecutorExecutionContext$executeWithTimeoutInterruption$4.invoke(ExecutorExecutionContext.kt)
	at kotlinx.coroutines.intrinsics.UndispatchedKt.startUndispatchedOrReturn(Undispatched.kt:89)
	at kotlinx.coroutines.BuildersKt__Builders_commonKt.withContext(Builders.common.kt:165)
	at kotlinx.coroutines.BuildersKt.withContext(Unknown Source)
	at io.kotest.engine.ExecutorExecutionContext.executeWithTimeoutInterruption(ExecutorExecutionContext.kt:75)
	at io.kotest.core.internal.TestCaseExecutor$executeAndWait$4$1.invokeSuspend(TestCaseExecutor.kt:220)
	at io.kotest.core.internal.TestCaseExecutor$executeAndWait$4$1.invoke(TestCaseExecutor.kt)
	at io.kotest.core.internal.TestCaseExecutor$executeAndWait$4$1.invoke(TestCaseExecutor.kt)
	at kotlinx.coroutines.intrinsics.UndispatchedKt.startUndispatchedOrReturnIgnoreTimeout(Undispatched.kt:100)
	at kotlinx.coroutines.TimeoutKt.setupTimeout(Timeout.kt:148)
	at kotlinx.coroutines.TimeoutKt.withTimeout(Timeout.kt:44)
	at io.kotest.core.internal.TestCaseExecutor$executeAndWait$4.invokeSuspend(TestCaseExecutor.kt:219)
	at io.kotest.core.internal.TestCaseExecutor$executeAndWait$4.invoke(TestCaseExecutor.kt)
	at io.kotest.core.internal.TestCaseExecutor$executeAndWait$4.invoke(TestCaseExecutor.kt)
	at kotlinx.coroutines.intrinsics.UndispatchedKt.startUndispatchedOrReturn(Undispatched.kt:89)
	at kotlinx.coroutines.SupervisorKt.supervisorScope(Supervisor.kt:57)
	at io.kotest.core.internal.TestCaseExecutor.executeAndWait(TestCaseExecutor.kt:215)
	at io.kotest.core.internal.TestCaseExecutor.invokeTestCase(TestCaseExecutor.kt:184)
	at io.kotest.core.internal.TestCaseExecutor.executeActiveTest(TestCaseExecutor.kt:153)
	at io.kotest.core.internal.TestCaseExecutor.access$executeActiveTest(TestCaseExecutor.kt:57)
	at io.kotest.core.internal.TestCaseExecutor$intercept$innerExecute$1$1.invokeSuspend(TestCaseExecutor.kt:89)
	at io.kotest.core.internal.TestCaseExecutor$intercept$innerExecute$1$1.invoke(TestCaseExecutor.kt)
	at io.kotest.core.internal.TestCaseExecutor$intercept$innerExecute$1$1.invoke(TestCaseExecutor.kt)
	at io.kotest.core.internal.TestCaseExecutor.executeIfEnabled(TestCaseExecutor.kt:117)
	at io.kotest.core.internal.TestCaseExecutor.access$executeIfEnabled(TestCaseExecutor.kt:57)
	at io.kotest.core.internal.TestCaseExecutor$intercept$innerExecute$1.invokeSuspend(TestCaseExecutor.kt:89)
	at io.kotest.core.internal.TestCaseExecutor$intercept$innerExecute$1.invoke(TestCaseExecutor.kt)
	at io.kotest.core.internal.TestCaseExecutor$intercept$innerExecute$1.invoke(TestCaseExecutor.kt)
	at io.kotest.core.internal.TestCaseExecutor.intercept(TestCaseExecutor.kt:103)
	at io.kotest.core.internal.TestCaseExecutor.execute(TestCaseExecutor.kt:69)
	at io.kotest.engine.spec.runners.SingleInstanceSpecRunner.runTest(SingleInstanceSpecRunner.kt:104)
	at io.kotest.engine.spec.runners.SingleInstanceSpecRunner.access$runTest(SingleInstanceSpecRunner.kt:34)
	at io.kotest.engine.spec.runners.SingleInstanceSpecRunner$execute$interceptAndRun$2$4.invokeSuspend(SingleInstanceSpecRunner.kt:57)
	at io.kotest.engine.spec.runners.SingleInstanceSpecRunner$execute$interceptAndRun$2$4.invoke(SingleInstanceSpecRunner.kt)
	at io.kotest.engine.spec.runners.SingleInstanceSpecRunner$execute$interceptAndRun$2$4.invoke(SingleInstanceSpecRunner.kt)
	at io.kotest.engine.launchers.SequentialTestLauncher$launch$3$1$1.invokeSuspend(SequentialTestLauncher.kt:22)
	at ???(Coroutine boundary.?(?)
	at io.kotest.core.internal.TestCaseExecutor$executeAndWait$4$1$1$3$1$1.invokeSuspend(TestCaseExecutor.kt:234)
	at io.kotest.core.internal.TestCaseExecutor$executeAndWait$4$1$1$3$1.invokeSuspend(TestCaseExecutor.kt:233)
	at io.kotest.engine.ExecutorExecutionContext$executeWithTimeoutInterruption$4.invokeSuspend(ExecutorExecutionContext.kt:77)
	at io.kotest.core.internal.TestCaseExecutor$executeAndWait$4$1$1$3.invokeSuspend(TestCaseExecutor.kt:232)
	at io.kotest.mpp.ReplayKt.replay(replay.kt:18)
	at io.kotest.core.internal.TestCaseExecutor$executeAndWait$4$1$1.invokeSuspend(TestCaseExecutor.kt:227)
	at io.kotest.engine.ExecutorExecutionContext$executeWithTimeoutInterruption$4.invokeSuspend(ExecutorExecutionContext.kt:77)
	at io.kotest.core.internal.TestCaseExecutor$executeAndWait$4$1.invokeSuspend(TestCaseExecutor.kt:220)
	at io.kotest.core.internal.TestCaseExecutor$executeAndWait$4.invokeSuspend(TestCaseExecutor.kt:219)
	at io.kotest.core.internal.TestCaseExecutor.invokeTestCase(TestCaseExecutor.kt:184)
	at io.kotest.core.internal.TestCaseExecutor.executeActiveTest(TestCaseExecutor.kt:153)
	at io.kotest.core.internal.TestCaseExecutor$intercept$innerExecute$1$1.invokeSuspend(TestCaseExecutor.kt:89)
	at io.kotest.core.internal.TestCaseExecutor.executeIfEnabled(TestCaseExecutor.kt:117)
	at io.kotest.core.internal.TestCaseExecutor$intercept$innerExecute$1.invokeSuspend(TestCaseExecutor.kt:89)
	at io.kotest.core.internal.TestCaseExecutor.execute(TestCaseExecutor.kt:69)
	at io.kotest.engine.spec.runners.SingleInstanceSpecRunner.runTest(SingleInstanceSpecRunner.kt:104)
	at io.kotest.engine.spec.runners.SingleInstanceSpecRunner$execute$interceptAndRun$2$4.invokeSuspend(SingleInstanceSpecRunner.kt:57)
	at io.kotest.engine.launchers.SequentialTestLauncher$launch$3$1$1.invokeSuspend(SequentialTestLauncher.kt:22)
Caused by: io.mockk.MockKException: no answer found for: Printer(#1).print(Insufficient balance)
	at io.mockk.impl.stub.MockKStub.defaultAnswer(MockKStub.kt:93)
	at io.mockk.impl.stub.MockKStub.answer(MockKStub.kt:42)
	at io.mockk.impl.recording.states.AnsweringState.call(AnsweringState.kt:16)
	at io.mockk.impl.recording.CommonCallRecorder.call(CommonCallRecorder.kt:53)
	at io.mockk.impl.stub.MockKStub.handleInvocation(MockKStub.kt:266)
	at io.mockk.impl.instantiation.JvmMockFactoryHelper$mockHandler$1.invocation(JvmMockFactoryHelper.kt:23)
	at io.mockk.proxy.jvm.advice.Interceptor.call(Interceptor.kt:21)
	at com.example.Printer.print(Printer.kt:9)
	at com.example.AutoTellerMachine.withdraw(AutoTellerMachine.kt:10)
	at com.example.AutoTellerMachineTest$1$1.invokeSuspend(AutoTellerMachineTest.kt:18)
	at com.example.AutoTellerMachineTest$1$1.invoke(AutoTellerMachineTest.kt)
	at com.example.AutoTellerMachineTest$1$1.invoke(AutoTellerMachineTest.kt)
	at io.kotest.core.spec.style.scopes.StringSpecRootContext$invoke$1.invokeSuspend(StringSpecRootContext.kt:66)
	at io.kotest.core.spec.style.scopes.StringSpecRootContext$invoke$1.invoke(StringSpecRootContext.kt)
	at io.kotest.core.spec.style.scopes.StringSpecRootContext$invoke$1.invoke(StringSpecRootContext.kt)
	at io.kotest.core.internal.ExecutionsKt$executeWithBehaviours$2$1.invokeSuspend(executions.kt:13)
	at io.kotest.core.internal.ExecutionsKt$executeWithBehaviours$2$1.invoke(executions.kt)
	at io.kotest.core.internal.ExecutionsKt$executeWithBehaviours$2$1.invoke(executions.kt)
	at io.kotest.core.internal.ExecutionsKt.wrapTestWithGlobalAssert(executions.kt:39)
	at io.kotest.core.internal.ExecutionsKt.access$wrapTestWithGlobalAssert(executions.kt:1)
	at io.kotest.core.internal.ExecutionsKt$executeWithBehaviours$2.invokeSuspend(executions.kt:12)
	at io.kotest.core.internal.ExecutionsKt$executeWithBehaviours$2.invoke(executions.kt)
	at io.kotest.core.internal.ExecutionsKt$executeWithBehaviours$2.invoke(executions.kt)
	at io.kotest.core.internal.ExecutionsKt$wrapTestWithAssertionModeCheck$2.invokeSuspend(executions.kt:25)
	at io.kotest.core.internal.ExecutionsKt$wrapTestWithAssertionModeCheck$2.invoke(executions.kt)
	at io.kotest.core.internal.ExecutionsKt$wrapTestWithAssertionModeCheck$2.invoke(executions.kt)
	at io.kotest.core.internal.AssertionsCheckKt.executeWithAssertionsCheck(assertionsCheck.kt:25)
	at io.kotest.core.internal.ExecutionsKt.wrapTestWithAssertionModeCheck(executions.kt:24)
	at io.kotest.core.internal.ExecutionsKt.executeWithBehaviours(executions.kt:11)
	at io.kotest.core.internal.TestCaseExecutor$executeInScope$2.invokeSuspend(TestCaseExecutor.kt:268)
	at io.kotest.core.internal.TestCaseExecutor$executeInScope$2.invoke(TestCaseExecutor.kt)
	at io.kotest.core.internal.TestCaseExecutor$executeInScope$2.invoke(TestCaseExecutor.kt)
	at kotlinx.coroutines.intrinsics.UndispatchedKt.startUndispatchedOrReturn(Undispatched.kt:89)
	at kotlinx.coroutines.CoroutineScopeKt.coroutineScope(CoroutineScope.kt:264)
	at io.kotest.core.internal.TestCaseExecutor.executeInScope(TestCaseExecutor.kt:262)
	at io.kotest.core.internal.TestCaseExecutor.access$executeInScope(TestCaseExecutor.kt:57)
	at io.kotest.core.internal.TestCaseExecutor$executeAndWait$4$1$1$3$1$1.invokeSuspend(TestCaseExecutor.kt:234)
	at io.kotest.core.internal.TestCaseExecutor$executeAndWait$4$1$1$3$1$1.invoke(TestCaseExecutor.kt)
	at io.kotest.core.internal.TestCaseExecutor$executeAndWait$4$1$1$3$1$1.invoke(TestCaseExecutor.kt)
	at kotlinx.coroutines.intrinsics.UndispatchedKt.startUndispatchedOrReturnIgnoreTimeout(Undispatched.kt:100)
	at kotlinx.coroutines.TimeoutKt.setupTimeout(Timeout.kt:148)
	at kotlinx.coroutines.TimeoutKt.withTimeout(Timeout.kt:44)
	at io.kotest.core.internal.TestCaseExecutor$executeAndWait$4$1$1$3$1.invokeSuspend(TestCaseExecutor.kt:233)
	at io.kotest.core.internal.TestCaseExecutor$executeAndWait$4$1$1$3$1.invoke(TestCaseExecutor.kt)
	at io.kotest.core.internal.TestCaseExecutor$executeAndWait$4$1$1$3$1.invoke(TestCaseExecutor.kt)
	at io.kotest.engine.ExecutorExecutionContext$executeWithTimeoutInterruption$4.invokeSuspend(ExecutorExecutionContext.kt:77)
	at io.kotest.engine.ExecutorExecutionContext$executeWithTimeoutInterruption$4.invoke(ExecutorExecutionContext.kt)
	at io.kotest.engine.ExecutorExecutionContext$executeWithTimeoutInterruption$4.invoke(ExecutorExecutionContext.kt)
	at kotlinx.coroutines.intrinsics.UndispatchedKt.startUndispatchedOrReturn(Undispatched.kt:89)
	at kotlinx.coroutines.BuildersKt__Builders_commonKt.withContext(Builders.common.kt:165)
	at kotlinx.coroutines.BuildersKt.withContext(Unknown Source)
	at io.kotest.engine.ExecutorExecutionContext.executeWithTimeoutInterruption(ExecutorExecutionContext.kt:75)
	at io.kotest.core.internal.TestCaseExecutor$executeAndWait$4$1$1$3.invokeSuspend(TestCaseExecutor.kt:232)
	at io.kotest.core.internal.TestCaseExecutor$executeAndWait$4$1$1$3.invoke(TestCaseExecutor.kt)
	at io.kotest.core.internal.TestCaseExecutor$executeAndWait$4$1$1$3.invoke(TestCaseExecutor.kt)
	at io.kotest.mpp.ReplayKt.replay(replay.kt:18)
	at io.kotest.core.internal.TestCaseExecutor$executeAndWait$4$1$1.invokeSuspend(TestCaseExecutor.kt:227)
	at io.kotest.core.internal.TestCaseExecutor$executeAndWait$4$1$1.invoke(TestCaseExecutor.kt)
	at io.kotest.core.internal.TestCaseExecutor$executeAndWait$4$1$1.invoke(TestCaseExecutor.kt)
	at io.kotest.engine.ExecutorExecutionContext$executeWithTimeoutInterruption$4.invokeSuspend(ExecutorExecutionContext.kt:77)
	at io.kotest.engine.ExecutorExecutionContext$executeWithTimeoutInterruption$4.invoke(ExecutorExecutionContext.kt)
	at io.kotest.engine.ExecutorExecutionContext$executeWithTimeoutInterruption$4.invoke(ExecutorExecutionContext.kt)
	at kotlinx.coroutines.intrinsics.UndispatchedKt.startUndispatchedOrReturn(Undispatched.kt:89)
	at kotlinx.coroutines.BuildersKt__Builders_commonKt.withContext(Builders.common.kt:165)
	at kotlinx.coroutines.BuildersKt.withContext(Unknown Source)
	at io.kotest.engine.ExecutorExecutionContext.executeWithTimeoutInterruption(ExecutorExecutionContext.kt:75)
	at io.kotest.core.internal.TestCaseExecutor$executeAndWait$4$1.invokeSuspend(TestCaseExecutor.kt:220)
	at io.kotest.core.internal.TestCaseExecutor$executeAndWait$4$1.invoke(TestCaseExecutor.kt)
	at io.kotest.core.internal.TestCaseExecutor$executeAndWait$4$1.invoke(TestCaseExecutor.kt)
	at kotlinx.coroutines.intrinsics.UndispatchedKt.startUndispatchedOrReturnIgnoreTimeout(Undispatched.kt:100)
	at kotlinx.coroutines.TimeoutKt.setupTimeout(Timeout.kt:148)
	at kotlinx.coroutines.TimeoutKt.withTimeout(Timeout.kt:44)
	at io.kotest.core.internal.TestCaseExecutor$executeAndWait$4.invokeSuspend(TestCaseExecutor.kt:219)
	at io.kotest.core.internal.TestCaseExecutor$executeAndWait$4.invoke(TestCaseExecutor.kt)
	at io.kotest.core.internal.TestCaseExecutor$executeAndWait$4.invoke(TestCaseExecutor.kt)
	at kotlinx.coroutines.intrinsics.UndispatchedKt.startUndispatchedOrReturn(Undispatched.kt:89)
	at kotlinx.coroutines.SupervisorKt.supervisorScope(Supervisor.kt:57)
	at io.kotest.core.internal.TestCaseExecutor.executeAndWait(TestCaseExecutor.kt:215)
	at io.kotest.core.internal.TestCaseExecutor.invokeTestCase(TestCaseExecutor.kt:184)
	at io.kotest.core.internal.TestCaseExecutor.executeActiveTest(TestCaseExecutor.kt:153)
	at io.kotest.core.internal.TestCaseExecutor.access$executeActiveTest(TestCaseExecutor.kt:57)
	at io.kotest.core.internal.TestCaseExecutor$intercept$innerExecute$1$1.invokeSuspend(TestCaseExecutor.kt:89)
	at io.kotest.core.internal.TestCaseExecutor$intercept$innerExecute$1$1.invoke(TestCaseExecutor.kt)
	at io.kotest.core.internal.TestCaseExecutor$intercept$innerExecute$1$1.invoke(TestCaseExecutor.kt)
	at io.kotest.core.internal.TestCaseExecutor.executeIfEnabled(TestCaseExecutor.kt:117)
	at io.kotest.core.internal.TestCaseExecutor.access$executeIfEnabled(TestCaseExecutor.kt:57)
	at io.kotest.core.internal.TestCaseExecutor$intercept$innerExecute$1.invokeSuspend(TestCaseExecutor.kt:89)
	at io.kotest.core.internal.TestCaseExecutor$intercept$innerExecute$1.invoke(TestCaseExecutor.kt)
	at io.kotest.core.internal.TestCaseExecutor$intercept$innerExecute$1.invoke(TestCaseExecutor.kt)
	at io.kotest.core.internal.TestCaseExecutor.intercept(TestCaseExecutor.kt:103)
	at io.kotest.core.internal.TestCaseExecutor.execute(TestCaseExecutor.kt:69)
	at io.kotest.engine.spec.runners.SingleInstanceSpecRunner.runTest(SingleInstanceSpecRunner.kt:104)
	at io.kotest.engine.spec.runners.SingleInstanceSpecRunner.access$runTest(SingleInstanceSpecRunner.kt:34)
	at io.kotest.engine.spec.runners.SingleInstanceSpecRunner$execute$interceptAndRun$2$4.invokeSuspend(SingleInstanceSpecRunner.kt:57)
	at io.kotest.engine.spec.runners.SingleInstanceSpecRunner$execute$interceptAndRun$2$4.invoke(SingleInstanceSpecRunner.kt)
	at io.kotest.engine.spec.runners.SingleInstanceSpecRunner$execute$interceptAndRun$2$4.invoke(SingleInstanceSpecRunner.kt)
	at io.kotest.engine.launchers.SequentialTestLauncher$launch$3$1$1.invokeSuspend(SequentialTestLauncher.kt:22)
	at kotlin.coroutines.jvm.internal.BaseContinuationImpl.resumeWith(ContinuationImpl.kt:33)
	at kotlinx.coroutines.DispatchedTask.run(DispatchedTask.kt:106)
	at java.base/java.util.concurrent.ThreadPoolExecutor.runWorker(ThreadPoolExecutor.java:1130)
	at java.base/java.util.concurrent.ThreadPoolExecutor$Worker.run(ThreadPoolExecutor.java:630)
	at java.base/java.lang.Thread.run(Thread.java:831)
</pre>
</span>
</div>
<div class="test">
<a name="should print a receipt if money is withdrawn successfully"></a>
<h3 class="failures">should print a receipt if money is withdrawn successfully</h3>
<span class="code">
<pre>io.mockk.MockKException: no answer found for: Printer(#4).print(Insufficient balance)
	at io.mockk.impl.stub.MockKStub.defaultAnswer(MockKStub.kt:93)
	at io.mockk.impl.stub.MockKStub.answer(MockKStub.kt:42)
	at io.mockk.impl.recording.states.AnsweringState.call(AnsweringState.kt:16)
	at io.mockk.impl.recording.CommonCallRecorder.call(CommonCallRecorder.kt:53)
	at io.mockk.impl.stub.MockKStub.handleInvocation(MockKStub.kt:266)
	at io.mockk.impl.instantiation.JvmMockFactoryHelper$mockHandler$1.invocation(JvmMockFactoryHelper.kt:23)
	at io.mockk.proxy.jvm.advice.Interceptor.call(Interceptor.kt:21)
	at com.example.Printer.print(Printer.kt:9)
	at com.example.AutoTellerMachine.withdraw(AutoTellerMachine.kt:10)
	at com.example.AutoTellerMachineTest$1$2.invokeSuspend(AutoTellerMachineTest.kt:28)
	at com.example.AutoTellerMachineTest$1$2.invoke(AutoTellerMachineTest.kt)
	at com.example.AutoTellerMachineTest$1$2.invoke(AutoTellerMachineTest.kt)
	at io.kotest.core.spec.style.scopes.StringSpecRootContext$invoke$1.invokeSuspend(StringSpecRootContext.kt:66)
	at io.kotest.core.spec.style.scopes.StringSpecRootContext$invoke$1.invoke(StringSpecRootContext.kt)
	at io.kotest.core.spec.style.scopes.StringSpecRootContext$invoke$1.invoke(StringSpecRootContext.kt)
	at io.kotest.core.internal.ExecutionsKt$executeWithBehaviours$2$1.invokeSuspend(executions.kt:13)
	at io.kotest.core.internal.ExecutionsKt$executeWithBehaviours$2$1.invoke(executions.kt)
	at io.kotest.core.internal.ExecutionsKt$executeWithBehaviours$2$1.invoke(executions.kt)
	at io.kotest.core.internal.ExecutionsKt.wrapTestWithGlobalAssert(executions.kt:39)
	at io.kotest.core.internal.ExecutionsKt.access$wrapTestWithGlobalAssert(executions.kt:1)
	at io.kotest.core.internal.ExecutionsKt$executeWithBehaviours$2.invokeSuspend(executions.kt:12)
	at io.kotest.core.internal.ExecutionsKt$executeWithBehaviours$2.invoke(executions.kt)
	at io.kotest.core.internal.ExecutionsKt$executeWithBehaviours$2.invoke(executions.kt)
	at io.kotest.core.internal.ExecutionsKt$wrapTestWithAssertionModeCheck$2.invokeSuspend(executions.kt:25)
	at io.kotest.core.internal.ExecutionsKt$wrapTestWithAssertionModeCheck$2.invoke(executions.kt)
	at io.kotest.core.internal.ExecutionsKt$wrapTestWithAssertionModeCheck$2.invoke(executions.kt)
	at io.kotest.core.internal.AssertionsCheckKt.executeWithAssertionsCheck(assertionsCheck.kt:25)
	at io.kotest.core.internal.ExecutionsKt.wrapTestWithAssertionModeCheck(executions.kt:24)
	at io.kotest.core.internal.ExecutionsKt.executeWithBehaviours(executions.kt:11)
	at io.kotest.core.internal.TestCaseExecutor$executeInScope$2.invokeSuspend(TestCaseExecutor.kt:268)
	at io.kotest.core.internal.TestCaseExecutor$executeInScope$2.invoke(TestCaseExecutor.kt)
	at io.kotest.core.internal.TestCaseExecutor$executeInScope$2.invoke(TestCaseExecutor.kt)
	at kotlinx.coroutines.intrinsics.UndispatchedKt.startUndispatchedOrReturn(Undispatched.kt:89)
	at kotlinx.coroutines.CoroutineScopeKt.coroutineScope(CoroutineScope.kt:264)
	at io.kotest.core.internal.TestCaseExecutor.executeInScope(TestCaseExecutor.kt:262)
	at io.kotest.core.internal.TestCaseExecutor.access$executeInScope(TestCaseExecutor.kt:57)
	at io.kotest.core.internal.TestCaseExecutor$executeAndWait$4$1$1$3$1$1.invokeSuspend(TestCaseExecutor.kt:234)
	at io.kotest.core.internal.TestCaseExecutor$executeAndWait$4$1$1$3$1$1.invoke(TestCaseExecutor.kt)
	at io.kotest.core.internal.TestCaseExecutor$executeAndWait$4$1$1$3$1$1.invoke(TestCaseExecutor.kt)
	at kotlinx.coroutines.intrinsics.UndispatchedKt.startUndispatchedOrReturnIgnoreTimeout(Undispatched.kt:100)
	at kotlinx.coroutines.TimeoutKt.setupTimeout(Timeout.kt:148)
	at kotlinx.coroutines.TimeoutKt.withTimeout(Timeout.kt:44)
	at io.kotest.core.internal.TestCaseExecutor$executeAndWait$4$1$1$3$1.invokeSuspend(TestCaseExecutor.kt:233)
	at io.kotest.core.internal.TestCaseExecutor$executeAndWait$4$1$1$3$1.invoke(TestCaseExecutor.kt)
	at io.kotest.core.internal.TestCaseExecutor$executeAndWait$4$1$1$3$1.invoke(TestCaseExecutor.kt)
	at io.kotest.engine.ExecutorExecutionContext$executeWithTimeoutInterruption$4.invokeSuspend(ExecutorExecutionContext.kt:77)
	at io.kotest.engine.ExecutorExecutionContext$executeWithTimeoutInterruption$4.invoke(ExecutorExecutionContext.kt)
	at io.kotest.engine.ExecutorExecutionContext$executeWithTimeoutInterruption$4.invoke(ExecutorExecutionContext.kt)
	at kotlinx.coroutines.intrinsics.UndispatchedKt.startUndispatchedOrReturn(Undispatched.kt:89)
	at kotlinx.coroutines.BuildersKt__Builders_commonKt.withContext(Builders.common.kt:165)
	at kotlinx.coroutines.BuildersKt.withContext(Unknown Source)
	at io.kotest.engine.ExecutorExecutionContext.executeWithTimeoutInterruption(ExecutorExecutionContext.kt:75)
	at io.kotest.core.internal.TestCaseExecutor$executeAndWait$4$1$1$3.invokeSuspend(TestCaseExecutor.kt:232)
	at io.kotest.core.internal.TestCaseExecutor$executeAndWait$4$1$1$3.invoke(TestCaseExecutor.kt)
	at io.kotest.core.internal.TestCaseExecutor$executeAndWait$4$1$1$3.invoke(TestCaseExecutor.kt)
	at io.kotest.mpp.ReplayKt.replay(replay.kt:18)
	at io.kotest.core.internal.TestCaseExecutor$executeAndWait$4$1$1.invokeSuspend(TestCaseExecutor.kt:227)
	at io.kotest.core.internal.TestCaseExecutor$executeAndWait$4$1$1.invoke(TestCaseExecutor.kt)
	at io.kotest.core.internal.TestCaseExecutor$executeAndWait$4$1$1.invoke(TestCaseExecutor.kt)
	at io.kotest.engine.ExecutorExecutionContext$executeWithTimeoutInterruption$4.invokeSuspend(ExecutorExecutionContext.kt:77)
	at io.kotest.engine.ExecutorExecutionContext$executeWithTimeoutInterruption$4.invoke(ExecutorExecutionContext.kt)
	at io.kotest.engine.ExecutorExecutionContext$executeWithTimeoutInterruption$4.invoke(ExecutorExecutionContext.kt)
	at kotlinx.coroutines.intrinsics.UndispatchedKt.startUndispatchedOrReturn(Undispatched.kt:89)
	at kotlinx.coroutines.BuildersKt__Builders_commonKt.withContext(Builders.common.kt:165)
	at kotlinx.coroutines.BuildersKt.withContext(Unknown Source)
	at io.kotest.engine.ExecutorExecutionContext.executeWithTimeoutInterruption(ExecutorExecutionContext.kt:75)
	at io.kotest.core.internal.TestCaseExecutor$executeAndWait$4$1.invokeSuspend(TestCaseExecutor.kt:220)
	at io.kotest.core.internal.TestCaseExecutor$executeAndWait$4$1.invoke(TestCaseExecutor.kt)
	at io.kotest.core.internal.TestCaseExecutor$executeAndWait$4$1.invoke(TestCaseExecutor.kt)
	at kotlinx.coroutines.intrinsics.UndispatchedKt.startUndispatchedOrReturnIgnoreTimeout(Undispatched.kt:100)
	at kotlinx.coroutines.TimeoutKt.setupTimeout(Timeout.kt:148)
	at kotlinx.coroutines.TimeoutKt.withTimeout(Timeout.kt:44)
	at io.kotest.core.internal.TestCaseExecutor$executeAndWait$4.invokeSuspend(TestCaseExecutor.kt:219)
	at io.kotest.core.internal.TestCaseExecutor$executeAndWait$4.invoke(TestCaseExecutor.kt)
	at io.kotest.core.internal.TestCaseExecutor$executeAndWait$4.invoke(TestCaseExecutor.kt)
	at kotlinx.coroutines.intrinsics.UndispatchedKt.startUndispatchedOrReturn(Undispatched.kt:89)
	at kotlinx.coroutines.SupervisorKt.supervisorScope(Supervisor.kt:57)
	at io.kotest.core.internal.TestCaseExecutor.executeAndWait(TestCaseExecutor.kt:215)
	at io.kotest.core.internal.TestCaseExecutor.invokeTestCase(TestCaseExecutor.kt:184)
	at io.kotest.core.internal.TestCaseExecutor.executeActiveTest(TestCaseExecutor.kt:153)
	at io.kotest.core.internal.TestCaseExecutor.access$executeActiveTest(TestCaseExecutor.kt:57)
	at io.kotest.core.internal.TestCaseExecutor$intercept$innerExecute$1$1.invokeSuspend(TestCaseExecutor.kt:89)
	at io.kotest.core.internal.TestCaseExecutor$intercept$innerExecute$1$1.invoke(TestCaseExecutor.kt)
	at io.kotest.core.internal.TestCaseExecutor$intercept$innerExecute$1$1.invoke(TestCaseExecutor.kt)
	at io.kotest.core.internal.TestCaseExecutor.executeIfEnabled(TestCaseExecutor.kt:117)
	at io.kotest.core.internal.TestCaseExecutor.access$executeIfEnabled(TestCaseExecutor.kt:57)
	at io.kotest.core.internal.TestCaseExecutor$intercept$innerExecute$1.invokeSuspend(TestCaseExecutor.kt:89)
	at io.kotest.core.internal.TestCaseExecutor$intercept$innerExecute$1.invoke(TestCaseExecutor.kt)
	at io.kotest.core.internal.TestCaseExecutor$intercept$innerExecute$1.invoke(TestCaseExecutor.kt)
	at io.kotest.core.internal.TestCaseExecutor.intercept(TestCaseExecutor.kt:103)
	at io.kotest.core.internal.TestCaseExecutor.execute(TestCaseExecutor.kt:69)
	at io.kotest.engine.spec.runners.SingleInstanceSpecRunner.runTest(SingleInstanceSpecRunner.kt:104)
	at io.kotest.engine.spec.runners.SingleInstanceSpecRunner.access$runTest(SingleInstanceSpecRunner.kt:34)
	at io.kotest.engine.spec.runners.SingleInstanceSpecRunner$execute$interceptAndRun$2$4.invokeSuspend(SingleInstanceSpecRunner.kt:57)
	at io.kotest.engine.spec.runners.SingleInstanceSpecRunner$execute$interceptAndRun$2$4.invoke(SingleInstanceSpecRunner.kt)
	at io.kotest.engine.spec.runners.SingleInstanceSpecRunner$execute$interceptAndRun$2$4.invoke(SingleInstanceSpecRunner.kt)
	at io.kotest.engine.launchers.SequentialTestLauncher$launch$3$1$1.invokeSuspend(SequentialTestLauncher.kt:22)
	at ???(Coroutine boundary.?(?)
	at io.kotest.core.internal.TestCaseExecutor$executeAndWait$4$1$1$3$1$1.invokeSuspend(TestCaseExecutor.kt:234)
	at io.kotest.core.internal.TestCaseExecutor$executeAndWait$4$1$1$3$1.invokeSuspend(TestCaseExecutor.kt:233)
	at io.kotest.engine.ExecutorExecutionContext$executeWithTimeoutInterruption$4.invokeSuspend(ExecutorExecutionContext.kt:77)
	at io.kotest.core.internal.TestCaseExecutor$executeAndWait$4$1$1$3.invokeSuspend(TestCaseExecutor.kt:232)
	at io.kotest.mpp.ReplayKt.replay(replay.kt:18)
	at io.kotest.core.internal.TestCaseExecutor$executeAndWait$4$1$1.invokeSuspend(TestCaseExecutor.kt:227)
	at io.kotest.engine.ExecutorExecutionContext$executeWithTimeoutInterruption$4.invokeSuspend(ExecutorExecutionContext.kt:77)
	at io.kotest.core.internal.TestCaseExecutor$executeAndWait$4$1.invokeSuspend(TestCaseExecutor.kt:220)
	at io.kotest.core.internal.TestCaseExecutor$executeAndWait$4.invokeSuspend(TestCaseExecutor.kt:219)
	at io.kotest.core.internal.TestCaseExecutor.invokeTestCase(TestCaseExecutor.kt:184)
	at io.kotest.core.internal.TestCaseExecutor.executeActiveTest(TestCaseExecutor.kt:153)
	at io.kotest.core.internal.TestCaseExecutor$intercept$innerExecute$1$1.invokeSuspend(TestCaseExecutor.kt:89)
	at io.kotest.core.internal.TestCaseExecutor.executeIfEnabled(TestCaseExecutor.kt:117)
	at io.kotest.core.internal.TestCaseExecutor$intercept$innerExecute$1.invokeSuspend(TestCaseExecutor.kt:89)
	at io.kotest.core.internal.TestCaseExecutor.execute(TestCaseExecutor.kt:69)
	at io.kotest.engine.spec.runners.SingleInstanceSpecRunner.runTest(SingleInstanceSpecRunner.kt:104)
	at io.kotest.engine.spec.runners.SingleInstanceSpecRunner$execute$interceptAndRun$2$4.invokeSuspend(SingleInstanceSpecRunner.kt:57)
	at io.kotest.engine.launchers.SequentialTestLauncher$launch$3$1$1.invokeSuspend(SequentialTestLauncher.kt:22)
Caused by: io.mockk.MockKException: no answer found for: Printer(#4).print(Insufficient balance)
	at io.mockk.impl.stub.MockKStub.defaultAnswer(MockKStub.kt:93)
	at io.mockk.impl.stub.MockKStub.answer(MockKStub.kt:42)
	at io.mockk.impl.recording.states.AnsweringState.call(AnsweringState.kt:16)
	at io.mockk.impl.recording.CommonCallRecorder.call(CommonCallRecorder.kt:53)
	at io.mockk.impl.stub.MockKStub.handleInvocation(MockKStub.kt:266)
	at io.mockk.impl.instantiation.JvmMockFactoryHelper$mockHandler$1.invocation(JvmMockFactoryHelper.kt:23)
	at io.mockk.proxy.jvm.advice.Interceptor.call(Interceptor.kt:21)
	at com.example.Printer.print(Printer.kt:9)
	at com.example.AutoTellerMachine.withdraw(AutoTellerMachine.kt:10)
	at com.example.AutoTellerMachineTest$1$2.invokeSuspend(AutoTellerMachineTest.kt:28)
	at com.example.AutoTellerMachineTest$1$2.invoke(AutoTellerMachineTest.kt)
	at com.example.AutoTellerMachineTest$1$2.invoke(AutoTellerMachineTest.kt)
	at io.kotest.core.spec.style.scopes.StringSpecRootContext$invoke$1.invokeSuspend(StringSpecRootContext.kt:66)
	at io.kotest.core.spec.style.scopes.StringSpecRootContext$invoke$1.invoke(StringSpecRootContext.kt)
	at io.kotest.core.spec.style.scopes.StringSpecRootContext$invoke$1.invoke(StringSpecRootContext.kt)
	at io.kotest.core.internal.ExecutionsKt$executeWithBehaviours$2$1.invokeSuspend(executions.kt:13)
	at io.kotest.core.internal.ExecutionsKt$executeWithBehaviours$2$1.invoke(executions.kt)
	at io.kotest.core.internal.ExecutionsKt$executeWithBehaviours$2$1.invoke(executions.kt)
	at io.kotest.core.internal.ExecutionsKt.wrapTestWithGlobalAssert(executions.kt:39)
	at io.kotest.core.internal.ExecutionsKt.access$wrapTestWithGlobalAssert(executions.kt:1)
	at io.kotest.core.internal.ExecutionsKt$executeWithBehaviours$2.invokeSuspend(executions.kt:12)
	at io.kotest.core.internal.ExecutionsKt$executeWithBehaviours$2.invoke(executions.kt)
	at io.kotest.core.internal.ExecutionsKt$executeWithBehaviours$2.invoke(executions.kt)
	at io.kotest.core.internal.ExecutionsKt$wrapTestWithAssertionModeCheck$2.invokeSuspend(executions.kt:25)
	at io.kotest.core.internal.ExecutionsKt$wrapTestWithAssertionModeCheck$2.invoke(executions.kt)
	at io.kotest.core.internal.ExecutionsKt$wrapTestWithAssertionModeCheck$2.invoke(executions.kt)
	at io.kotest.core.internal.AssertionsCheckKt.executeWithAssertionsCheck(assertionsCheck.kt:25)
	at io.kotest.core.internal.ExecutionsKt.wrapTestWithAssertionModeCheck(executions.kt:24)
	at io.kotest.core.internal.ExecutionsKt.executeWithBehaviours(executions.kt:11)
	at io.kotest.core.internal.TestCaseExecutor$executeInScope$2.invokeSuspend(TestCaseExecutor.kt:268)
	at io.kotest.core.internal.TestCaseExecutor$executeInScope$2.invoke(TestCaseExecutor.kt)
	at io.kotest.core.internal.TestCaseExecutor$executeInScope$2.invoke(TestCaseExecutor.kt)
	at kotlinx.coroutines.intrinsics.UndispatchedKt.startUndispatchedOrReturn(Undispatched.kt:89)
	at kotlinx.coroutines.CoroutineScopeKt.coroutineScope(CoroutineScope.kt:264)
	at io.kotest.core.internal.TestCaseExecutor.executeInScope(TestCaseExecutor.kt:262)
	at io.kotest.core.internal.TestCaseExecutor.access$executeInScope(TestCaseExecutor.kt:57)
	at io.kotest.core.internal.TestCaseExecutor$executeAndWait$4$1$1$3$1$1.invokeSuspend(TestCaseExecutor.kt:234)
	at io.kotest.core.internal.TestCaseExecutor$executeAndWait$4$1$1$3$1$1.invoke(TestCaseExecutor.kt)
	at io.kotest.core.internal.TestCaseExecutor$executeAndWait$4$1$1$3$1$1.invoke(TestCaseExecutor.kt)
	at kotlinx.coroutines.intrinsics.UndispatchedKt.startUndispatchedOrReturnIgnoreTimeout(Undispatched.kt:100)
	at kotlinx.coroutines.TimeoutKt.setupTimeout(Timeout.kt:148)
	at kotlinx.coroutines.TimeoutKt.withTimeout(Timeout.kt:44)
	at io.kotest.core.internal.TestCaseExecutor$executeAndWait$4$1$1$3$1.invokeSuspend(TestCaseExecutor.kt:233)
	at io.kotest.core.internal.TestCaseExecutor$executeAndWait$4$1$1$3$1.invoke(TestCaseExecutor.kt)
	at io.kotest.core.internal.TestCaseExecutor$executeAndWait$4$1$1$3$1.invoke(TestCaseExecutor.kt)
	at io.kotest.engine.ExecutorExecutionContext$executeWithTimeoutInterruption$4.invokeSuspend(ExecutorExecutionContext.kt:77)
	at io.kotest.engine.ExecutorExecutionContext$executeWithTimeoutInterruption$4.invoke(ExecutorExecutionContext.kt)
	at io.kotest.engine.ExecutorExecutionContext$executeWithTimeoutInterruption$4.invoke(ExecutorExecutionContext.kt)
	at kotlinx.coroutines.intrinsics.UndispatchedKt.startUndispatchedOrReturn(Undispatched.kt:89)
	at kotlinx.coroutines.BuildersKt__Builders_commonKt.withContext(Builders.common.kt:165)
	at kotlinx.coroutines.BuildersKt.withContext(Unknown Source)
	at io.kotest.engine.ExecutorExecutionContext.executeWithTimeoutInterruption(ExecutorExecutionContext.kt:75)
	at io.kotest.core.internal.TestCaseExecutor$executeAndWait$4$1$1$3.invokeSuspend(TestCaseExecutor.kt:232)
	at io.kotest.core.internal.TestCaseExecutor$executeAndWait$4$1$1$3.invoke(TestCaseExecutor.kt)
	at io.kotest.core.internal.TestCaseExecutor$executeAndWait$4$1$1$3.invoke(TestCaseExecutor.kt)
	at io.kotest.mpp.ReplayKt.replay(replay.kt:18)
	at io.kotest.core.internal.TestCaseExecutor$executeAndWait$4$1$1.invokeSuspend(TestCaseExecutor.kt:227)
	at io.kotest.core.internal.TestCaseExecutor$executeAndWait$4$1$1.invoke(TestCaseExecutor.kt)
	at io.kotest.core.internal.TestCaseExecutor$executeAndWait$4$1$1.invoke(TestCaseExecutor.kt)
	at io.kotest.engine.ExecutorExecutionContext$executeWithTimeoutInterruption$4.invokeSuspend(ExecutorExecutionContext.kt:77)
	at io.kotest.engine.ExecutorExecutionContext$executeWithTimeoutInterruption$4.invoke(ExecutorExecutionContext.kt)
	at io.kotest.engine.ExecutorExecutionContext$executeWithTimeoutInterruption$4.invoke(ExecutorExecutionContext.kt)
	at kotlinx.coroutines.intrinsics.UndispatchedKt.startUndispatchedOrReturn(Undispatched.kt:89)
	at kotlinx.coroutines.BuildersKt__Builders_commonKt.withContext(Builders.common.kt:165)
	at kotlinx.coroutines.BuildersKt.withContext(Unknown Source)
	at io.kotest.engine.ExecutorExecutionContext.executeWithTimeoutInterruption(ExecutorExecutionContext.kt:75)
	at io.kotest.core.internal.TestCaseExecutor$executeAndWait$4$1.invokeSuspend(TestCaseExecutor.kt:220)
	at io.kotest.core.internal.TestCaseExecutor$executeAndWait$4$1.invoke(TestCaseExecutor.kt)
	at io.kotest.core.internal.TestCaseExecutor$executeAndWait$4$1.invoke(TestCaseExecutor.kt)
	at kotlinx.coroutines.intrinsics.UndispatchedKt.startUndispatchedOrReturnIgnoreTimeout(Undispatched.kt:100)
	at kotlinx.coroutines.TimeoutKt.setupTimeout(Timeout.kt:148)
	at kotlinx.coroutines.TimeoutKt.withTimeout(Timeout.kt:44)
	at io.kotest.core.internal.TestCaseExecutor$executeAndWait$4.invokeSuspend(TestCaseExecutor.kt:219)
	at io.kotest.core.internal.TestCaseExecutor$executeAndWait$4.invoke(TestCaseExecutor.kt)
	at io.kotest.core.internal.TestCaseExecutor$executeAndWait$4.invoke(TestCaseExecutor.kt)
	at kotlinx.coroutines.intrinsics.UndispatchedKt.startUndispatchedOrReturn(Undispatched.kt:89)
	at kotlinx.coroutines.SupervisorKt.supervisorScope(Supervisor.kt:57)
	at io.kotest.core.internal.TestCaseExecutor.executeAndWait(TestCaseExecutor.kt:215)
	at io.kotest.core.internal.TestCaseExecutor.invokeTestCase(TestCaseExecutor.kt:184)
	at io.kotest.core.internal.TestCaseExecutor.executeActiveTest(TestCaseExecutor.kt:153)
	at io.kotest.core.internal.TestCaseExecutor.access$executeActiveTest(TestCaseExecutor.kt:57)
	at io.kotest.core.internal.TestCaseExecutor$intercept$innerExecute$1$1.invokeSuspend(TestCaseExecutor.kt:89)
	at io.kotest.core.internal.TestCaseExecutor$intercept$innerExecute$1$1.invoke(TestCaseExecutor.kt)
	at io.kotest.core.internal.TestCaseExecutor$intercept$innerExecute$1$1.invoke(TestCaseExecutor.kt)
	at io.kotest.core.internal.TestCaseExecutor.executeIfEnabled(TestCaseExecutor.kt:117)
	at io.kotest.core.internal.TestCaseExecutor.access$executeIfEnabled(TestCaseExecutor.kt:57)
	at io.kotest.core.internal.TestCaseExecutor$intercept$innerExecute$1.invokeSuspend(TestCaseExecutor.kt:89)
	at io.kotest.core.internal.TestCaseExecutor$intercept$innerExecute$1.invoke(TestCaseExecutor.kt)
	at io.kotest.core.internal.TestCaseExecutor$intercept$innerExecute$1.invoke(TestCaseExecutor.kt)
	at io.kotest.core.internal.TestCaseExecutor.intercept(TestCaseExecutor.kt:103)
	at io.kotest.core.internal.TestCaseExecutor.execute(TestCaseExecutor.kt:69)
	at io.kotest.engine.spec.runners.SingleInstanceSpecRunner.runTest(SingleInstanceSpecRunner.kt:104)
	at io.kotest.engine.spec.runners.SingleInstanceSpecRunner.access$runTest(SingleInstanceSpecRunner.kt:34)
	at io.kotest.engine.spec.runners.SingleInstanceSpecRunner$execute$interceptAndRun$2$4.invokeSuspend(SingleInstanceSpecRunner.kt:57)
	at io.kotest.engine.spec.runners.SingleInstanceSpecRunner$execute$interceptAndRun$2$4.invoke(SingleInstanceSpecRunner.kt)
	at io.kotest.engine.spec.runners.SingleInstanceSpecRunner$execute$interceptAndRun$2$4.invoke(SingleInstanceSpecRunner.kt)
	at io.kotest.engine.launchers.SequentialTestLauncher$launch$3$1$1.invokeSuspend(SequentialTestLauncher.kt:22)
	at kotlin.coroutines.jvm.internal.BaseContinuationImpl.resumeWith(ContinuationImpl.kt:33)
	at kotlinx.coroutines.DispatchedTask.run(DispatchedTask.kt:106)
	at java.base/java.util.concurrent.ThreadPoolExecutor.runWorker(ThreadPoolExecutor.java:1130)
	at java.base/java.util.concurrent.ThreadPoolExecutor$Worker.run(ThreadPoolExecutor.java:630)
	at java.base/java.lang.Thread.run(Thread.java:831)
</pre>
</span>
</div>
<div class="test">
<a name="should throw exception if banking service throws an exception"></a>
<h3 class="failures">should throw exception if banking service throws an exception</h3>
<span class="code">
<pre>io.mockk.MockKException: no answer found for: Printer(#7).print(Insufficient balance)
	at io.mockk.impl.stub.MockKStub.defaultAnswer(MockKStub.kt:93)
	at io.mockk.impl.stub.MockKStub.answer(MockKStub.kt:42)
	at io.mockk.impl.recording.states.AnsweringState.call(AnsweringState.kt:16)
	at io.mockk.impl.recording.CommonCallRecorder.call(CommonCallRecorder.kt:53)
	at io.mockk.impl.stub.MockKStub.handleInvocation(MockKStub.kt:266)
	at io.mockk.impl.instantiation.JvmMockFactoryHelper$mockHandler$1.invocation(JvmMockFactoryHelper.kt:23)
	at io.mockk.proxy.jvm.advice.Interceptor.call(Interceptor.kt:21)
	at com.example.Printer.print(Printer.kt:9)
	at com.example.AutoTellerMachine.withdraw(AutoTellerMachine.kt:10)
	at com.example.AutoTellerMachineTest$1$3.invokeSuspend(AutoTellerMachineTest.kt:38)
	at com.example.AutoTellerMachineTest$1$3.invoke(AutoTellerMachineTest.kt)
	at com.example.AutoTellerMachineTest$1$3.invoke(AutoTellerMachineTest.kt)
	at io.kotest.core.spec.style.scopes.StringSpecRootContext$invoke$1.invokeSuspend(StringSpecRootContext.kt:66)
	at io.kotest.core.spec.style.scopes.StringSpecRootContext$invoke$1.invoke(StringSpecRootContext.kt)
	at io.kotest.core.spec.style.scopes.StringSpecRootContext$invoke$1.invoke(StringSpecRootContext.kt)
	at io.kotest.core.internal.ExecutionsKt$executeWithBehaviours$2$1.invokeSuspend(executions.kt:13)
	at io.kotest.core.internal.ExecutionsKt$executeWithBehaviours$2$1.invoke(executions.kt)
	at io.kotest.core.internal.ExecutionsKt$executeWithBehaviours$2$1.invoke(executions.kt)
	at io.kotest.core.internal.ExecutionsKt.wrapTestWithGlobalAssert(executions.kt:39)
	at io.kotest.core.internal.ExecutionsKt.access$wrapTestWithGlobalAssert(executions.kt:1)
	at io.kotest.core.internal.ExecutionsKt$executeWithBehaviours$2.invokeSuspend(executions.kt:12)
	at io.kotest.core.internal.ExecutionsKt$executeWithBehaviours$2.invoke(executions.kt)
	at io.kotest.core.internal.ExecutionsKt$executeWithBehaviours$2.invoke(executions.kt)
	at io.kotest.core.internal.ExecutionsKt$wrapTestWithAssertionModeCheck$2.invokeSuspend(executions.kt:25)
	at io.kotest.core.internal.ExecutionsKt$wrapTestWithAssertionModeCheck$2.invoke(executions.kt)
	at io.kotest.core.internal.ExecutionsKt$wrapTestWithAssertionModeCheck$2.invoke(executions.kt)
	at io.kotest.core.internal.AssertionsCheckKt.executeWithAssertionsCheck(assertionsCheck.kt:25)
	at io.kotest.core.internal.ExecutionsKt.wrapTestWithAssertionModeCheck(executions.kt:24)
	at io.kotest.core.internal.ExecutionsKt.executeWithBehaviours(executions.kt:11)
	at io.kotest.core.internal.TestCaseExecutor$executeInScope$2.invokeSuspend(TestCaseExecutor.kt:268)
	at io.kotest.core.internal.TestCaseExecutor$executeInScope$2.invoke(TestCaseExecutor.kt)
	at io.kotest.core.internal.TestCaseExecutor$executeInScope$2.invoke(TestCaseExecutor.kt)
	at kotlinx.coroutines.intrinsics.UndispatchedKt.startUndispatchedOrReturn(Undispatched.kt:89)
	at kotlinx.coroutines.CoroutineScopeKt.coroutineScope(CoroutineScope.kt:264)
	at io.kotest.core.internal.TestCaseExecutor.executeInScope(TestCaseExecutor.kt:262)
	at io.kotest.core.internal.TestCaseExecutor.access$executeInScope(TestCaseExecutor.kt:57)
	at io.kotest.core.internal.TestCaseExecutor$executeAndWait$4$1$1$3$1$1.invokeSuspend(TestCaseExecutor.kt:234)
	at io.kotest.core.internal.TestCaseExecutor$executeAndWait$4$1$1$3$1$1.invoke(TestCaseExecutor.kt)
	at io.kotest.core.internal.TestCaseExecutor$executeAndWait$4$1$1$3$1$1.invoke(TestCaseExecutor.kt)
	at kotlinx.coroutines.intrinsics.UndispatchedKt.startUndispatchedOrReturnIgnoreTimeout(Undispatched.kt:100)
	at kotlinx.coroutines.TimeoutKt.setupTimeout(Timeout.kt:148)
	at kotlinx.coroutines.TimeoutKt.withTimeout(Timeout.kt:44)
	at io.kotest.core.internal.TestCaseExecutor$executeAndWait$4$1$1$3$1.invokeSuspend(TestCaseExecutor.kt:233)
	at io.kotest.core.internal.TestCaseExecutor$executeAndWait$4$1$1$3$1.invoke(TestCaseExecutor.kt)
	at io.kotest.core.internal.TestCaseExecutor$executeAndWait$4$1$1$3$1.invoke(TestCaseExecutor.kt)
	at io.kotest.engine.ExecutorExecutionContext$executeWithTimeoutInterruption$4.invokeSuspend(ExecutorExecutionContext.kt:77)
	at io.kotest.engine.ExecutorExecutionContext$executeWithTimeoutInterruption$4.invoke(ExecutorExecutionContext.kt)
	at io.kotest.engine.ExecutorExecutionContext$executeWithTimeoutInterruption$4.invoke(ExecutorExecutionContext.kt)
	at kotlinx.coroutines.intrinsics.UndispatchedKt.startUndispatchedOrReturn(Undispatched.kt:89)
	at kotlinx.coroutines.BuildersKt__Builders_commonKt.withContext(Builders.common.kt:165)
	at kotlinx.coroutines.BuildersKt.withContext(Unknown Source)
	at io.kotest.engine.ExecutorExecutionContext.executeWithTimeoutInterruption(ExecutorExecutionContext.kt:75)
	at io.kotest.core.internal.TestCaseExecutor$executeAndWait$4$1$1$3.invokeSuspend(TestCaseExecutor.kt:232)
	at io.kotest.core.internal.TestCaseExecutor$executeAndWait$4$1$1$3.invoke(TestCaseExecutor.kt)
	at io.kotest.core.internal.TestCaseExecutor$executeAndWait$4$1$1$3.invoke(TestCaseExecutor.kt)
	at io.kotest.mpp.ReplayKt.replay(replay.kt:18)
	at io.kotest.core.internal.TestCaseExecutor$executeAndWait$4$1$1.invokeSuspend(TestCaseExecutor.kt:227)
	at io.kotest.core.internal.TestCaseExecutor$executeAndWait$4$1$1.invoke(TestCaseExecutor.kt)
	at io.kotest.core.internal.TestCaseExecutor$executeAndWait$4$1$1.invoke(TestCaseExecutor.kt)
	at io.kotest.engine.ExecutorExecutionContext$executeWithTimeoutInterruption$4.invokeSuspend(ExecutorExecutionContext.kt:77)
	at io.kotest.engine.ExecutorExecutionContext$executeWithTimeoutInterruption$4.invoke(ExecutorExecutionContext.kt)
	at io.kotest.engine.ExecutorExecutionContext$executeWithTimeoutInterruption$4.invoke(ExecutorExecutionContext.kt)
	at kotlinx.coroutines.intrinsics.UndispatchedKt.startUndispatchedOrReturn(Undispatched.kt:89)
	at kotlinx.coroutines.BuildersKt__Builders_commonKt.withContext(Builders.common.kt:165)
	at kotlinx.coroutines.BuildersKt.withContext(Unknown Source)
	at io.kotest.engine.ExecutorExecutionContext.executeWithTimeoutInterruption(ExecutorExecutionContext.kt:75)
	at io.kotest.core.internal.TestCaseExecutor$executeAndWait$4$1.invokeSuspend(TestCaseExecutor.kt:220)
	at io.kotest.core.internal.TestCaseExecutor$executeAndWait$4$1.invoke(TestCaseExecutor.kt)
	at io.kotest.core.internal.TestCaseExecutor$executeAndWait$4$1.invoke(TestCaseExecutor.kt)
	at kotlinx.coroutines.intrinsics.UndispatchedKt.startUndispatchedOrReturnIgnoreTimeout(Undispatched.kt:100)
	at kotlinx.coroutines.TimeoutKt.setupTimeout(Timeout.kt:148)
	at kotlinx.coroutines.TimeoutKt.withTimeout(Timeout.kt:44)
	at io.kotest.core.internal.TestCaseExecutor$executeAndWait$4.invokeSuspend(TestCaseExecutor.kt:219)
	at io.kotest.core.internal.TestCaseExecutor$executeAndWait$4.invoke(TestCaseExecutor.kt)
	at io.kotest.core.internal.TestCaseExecutor$executeAndWait$4.invoke(TestCaseExecutor.kt)
	at kotlinx.coroutines.intrinsics.UndispatchedKt.startUndispatchedOrReturn(Undispatched.kt:89)
	at kotlinx.coroutines.SupervisorKt.supervisorScope(Supervisor.kt:57)
	at io.kotest.core.internal.TestCaseExecutor.executeAndWait(TestCaseExecutor.kt:215)
	at io.kotest.core.internal.TestCaseExecutor.invokeTestCase(TestCaseExecutor.kt:184)
	at io.kotest.core.internal.TestCaseExecutor.executeActiveTest(TestCaseExecutor.kt:153)
	at io.kotest.core.internal.TestCaseExecutor.access$executeActiveTest(TestCaseExecutor.kt:57)
	at io.kotest.core.internal.TestCaseExecutor$intercept$innerExecute$1$1.invokeSuspend(TestCaseExecutor.kt:89)
	at io.kotest.core.internal.TestCaseExecutor$intercept$innerExecute$1$1.invoke(TestCaseExecutor.kt)
	at io.kotest.core.internal.TestCaseExecutor$intercept$innerExecute$1$1.invoke(TestCaseExecutor.kt)
	at io.kotest.core.internal.TestCaseExecutor.executeIfEnabled(TestCaseExecutor.kt:117)
	at io.kotest.core.internal.TestCaseExecutor.access$executeIfEnabled(TestCaseExecutor.kt:57)
	at io.kotest.core.internal.TestCaseExecutor$intercept$innerExecute$1.invokeSuspend(TestCaseExecutor.kt:89)
	at io.kotest.core.internal.TestCaseExecutor$intercept$innerExecute$1.invoke(TestCaseExecutor.kt)
	at io.kotest.core.internal.TestCaseExecutor$intercept$innerExecute$1.invoke(TestCaseExecutor.kt)
	at io.kotest.core.internal.TestCaseExecutor.intercept(TestCaseExecutor.kt:103)
	at io.kotest.core.internal.TestCaseExecutor.execute(TestCaseExecutor.kt:69)
	at io.kotest.engine.spec.runners.SingleInstanceSpecRunner.runTest(SingleInstanceSpecRunner.kt:104)
	at io.kotest.engine.spec.runners.SingleInstanceSpecRunner.access$runTest(SingleInstanceSpecRunner.kt:34)
	at io.kotest.engine.spec.runners.SingleInstanceSpecRunner$execute$interceptAndRun$2$4.invokeSuspend(SingleInstanceSpecRunner.kt:57)
	at io.kotest.engine.spec.runners.SingleInstanceSpecRunner$execute$interceptAndRun$2$4.invoke(SingleInstanceSpecRunner.kt)
	at io.kotest.engine.spec.runners.SingleInstanceSpecRunner$execute$interceptAndRun$2$4.invoke(SingleInstanceSpecRunner.kt)
	at io.kotest.engine.launchers.SequentialTestLauncher$launch$3$1$1.invokeSuspend(SequentialTestLauncher.kt:22)
	at ???(Coroutine boundary.?(?)
	at io.kotest.core.internal.TestCaseExecutor$executeAndWait$4$1$1$3$1$1.invokeSuspend(TestCaseExecutor.kt:234)
	at io.kotest.core.internal.TestCaseExecutor$executeAndWait$4$1$1$3$1.invokeSuspend(TestCaseExecutor.kt:233)
	at io.kotest.engine.ExecutorExecutionContext$executeWithTimeoutInterruption$4.invokeSuspend(ExecutorExecutionContext.kt:77)
	at io.kotest.core.internal.TestCaseExecutor$executeAndWait$4$1$1$3.invokeSuspend(TestCaseExecutor.kt:232)
	at io.kotest.mpp.ReplayKt.replay(replay.kt:18)
	at io.kotest.core.internal.TestCaseExecutor$executeAndWait$4$1$1.invokeSuspend(TestCaseExecutor.kt:227)
	at io.kotest.engine.ExecutorExecutionContext$executeWithTimeoutInterruption$4.invokeSuspend(ExecutorExecutionContext.kt:77)
	at io.kotest.core.internal.TestCaseExecutor$executeAndWait$4$1.invokeSuspend(TestCaseExecutor.kt:220)
	at io.kotest.core.internal.TestCaseExecutor$executeAndWait$4.invokeSuspend(TestCaseExecutor.kt:219)
	at io.kotest.core.internal.TestCaseExecutor.invokeTestCase(TestCaseExecutor.kt:184)
	at io.kotest.core.internal.TestCaseExecutor.executeActiveTest(TestCaseExecutor.kt:153)
	at io.kotest.core.internal.TestCaseExecutor$intercept$innerExecute$1$1.invokeSuspend(TestCaseExecutor.kt:89)
	at io.kotest.core.internal.TestCaseExecutor.executeIfEnabled(TestCaseExecutor.kt:117)
	at io.kotest.core.internal.TestCaseExecutor$intercept$innerExecute$1.invokeSuspend(TestCaseExecutor.kt:89)
	at io.kotest.core.internal.TestCaseExecutor.execute(TestCaseExecutor.kt:69)
	at io.kotest.engine.spec.runners.SingleInstanceSpecRunner.runTest(SingleInstanceSpecRunner.kt:104)
	at io.kotest.engine.spec.runners.SingleInstanceSpecRunner$execute$interceptAndRun$2$4.invokeSuspend(SingleInstanceSpecRunner.kt:57)
	at io.kotest.engine.launchers.SequentialTestLauncher$launch$3$1$1.invokeSuspend(SequentialTestLauncher.kt:22)
Caused by: io.mockk.MockKException: no answer found for: Printer(#7).print(Insufficient balance)
	at io.mockk.impl.stub.MockKStub.defaultAnswer(MockKStub.kt:93)
	at io.mockk.impl.stub.MockKStub.answer(MockKStub.kt:42)
	at io.mockk.impl.recording.states.AnsweringState.call(AnsweringState.kt:16)
	at io.mockk.impl.recording.CommonCallRecorder.call(CommonCallRecorder.kt:53)
	at io.mockk.impl.stub.MockKStub.handleInvocation(MockKStub.kt:266)
	at io.mockk.impl.instantiation.JvmMockFactoryHelper$mockHandler$1.invocation(JvmMockFactoryHelper.kt:23)
	at io.mockk.proxy.jvm.advice.Interceptor.call(Interceptor.kt:21)
	at com.example.Printer.print(Printer.kt:9)
	at com.example.AutoTellerMachine.withdraw(AutoTellerMachine.kt:10)
	at com.example.AutoTellerMachineTest$1$3.invokeSuspend(AutoTellerMachineTest.kt:38)
	at com.example.AutoTellerMachineTest$1$3.invoke(AutoTellerMachineTest.kt)
	at com.example.AutoTellerMachineTest$1$3.invoke(AutoTellerMachineTest.kt)
	at io.kotest.core.spec.style.scopes.StringSpecRootContext$invoke$1.invokeSuspend(StringSpecRootContext.kt:66)
	at io.kotest.core.spec.style.scopes.StringSpecRootContext$invoke$1.invoke(StringSpecRootContext.kt)
	at io.kotest.core.spec.style.scopes.StringSpecRootContext$invoke$1.invoke(StringSpecRootContext.kt)
	at io.kotest.core.internal.ExecutionsKt$executeWithBehaviours$2$1.invokeSuspend(executions.kt:13)
	at io.kotest.core.internal.ExecutionsKt$executeWithBehaviours$2$1.invoke(executions.kt)
	at io.kotest.core.internal.ExecutionsKt$executeWithBehaviours$2$1.invoke(executions.kt)
	at io.kotest.core.internal.ExecutionsKt.wrapTestWithGlobalAssert(executions.kt:39)
	at io.kotest.core.internal.ExecutionsKt.access$wrapTestWithGlobalAssert(executions.kt:1)
	at io.kotest.core.internal.ExecutionsKt$executeWithBehaviours$2.invokeSuspend(executions.kt:12)
	at io.kotest.core.internal.ExecutionsKt$executeWithBehaviours$2.invoke(executions.kt)
	at io.kotest.core.internal.ExecutionsKt$executeWithBehaviours$2.invoke(executions.kt)
	at io.kotest.core.internal.ExecutionsKt$wrapTestWithAssertionModeCheck$2.invokeSuspend(executions.kt:25)
	at io.kotest.core.internal.ExecutionsKt$wrapTestWithAssertionModeCheck$2.invoke(executions.kt)
	at io.kotest.core.internal.ExecutionsKt$wrapTestWithAssertionModeCheck$2.invoke(executions.kt)
	at io.kotest.core.internal.AssertionsCheckKt.executeWithAssertionsCheck(assertionsCheck.kt:25)
	at io.kotest.core.internal.ExecutionsKt.wrapTestWithAssertionModeCheck(executions.kt:24)
	at io.kotest.core.internal.ExecutionsKt.executeWithBehaviours(executions.kt:11)
	at io.kotest.core.internal.TestCaseExecutor$executeInScope$2.invokeSuspend(TestCaseExecutor.kt:268)
	at io.kotest.core.internal.TestCaseExecutor$executeInScope$2.invoke(TestCaseExecutor.kt)
	at io.kotest.core.internal.TestCaseExecutor$executeInScope$2.invoke(TestCaseExecutor.kt)
	at kotlinx.coroutines.intrinsics.UndispatchedKt.startUndispatchedOrReturn(Undispatched.kt:89)
	at kotlinx.coroutines.CoroutineScopeKt.coroutineScope(CoroutineScope.kt:264)
	at io.kotest.core.internal.TestCaseExecutor.executeInScope(TestCaseExecutor.kt:262)
	at io.kotest.core.internal.TestCaseExecutor.access$executeInScope(TestCaseExecutor.kt:57)
	at io.kotest.core.internal.TestCaseExecutor$executeAndWait$4$1$1$3$1$1.invokeSuspend(TestCaseExecutor.kt:234)
	at io.kotest.core.internal.TestCaseExecutor$executeAndWait$4$1$1$3$1$1.invoke(TestCaseExecutor.kt)
	at io.kotest.core.internal.TestCaseExecutor$executeAndWait$4$1$1$3$1$1.invoke(TestCaseExecutor.kt)
	at kotlinx.coroutines.intrinsics.UndispatchedKt.startUndispatchedOrReturnIgnoreTimeout(Undispatched.kt:100)
	at kotlinx.coroutines.TimeoutKt.setupTimeout(Timeout.kt:148)
	at kotlinx.coroutines.TimeoutKt.withTimeout(Timeout.kt:44)
	at io.kotest.core.internal.TestCaseExecutor$executeAndWait$4$1$1$3$1.invokeSuspend(TestCaseExecutor.kt:233)
	at io.kotest.core.internal.TestCaseExecutor$executeAndWait$4$1$1$3$1.invoke(TestCaseExecutor.kt)
	at io.kotest.core.internal.TestCaseExecutor$executeAndWait$4$1$1$3$1.invoke(TestCaseExecutor.kt)
	at io.kotest.engine.ExecutorExecutionContext$executeWithTimeoutInterruption$4.invokeSuspend(ExecutorExecutionContext.kt:77)
	at io.kotest.engine.ExecutorExecutionContext$executeWithTimeoutInterruption$4.invoke(ExecutorExecutionContext.kt)
	at io.kotest.engine.ExecutorExecutionContext$executeWithTimeoutInterruption$4.invoke(ExecutorExecutionContext.kt)
	at kotlinx.coroutines.intrinsics.UndispatchedKt.startUndispatchedOrReturn(Undispatched.kt:89)
	at kotlinx.coroutines.BuildersKt__Builders_commonKt.withContext(Builders.common.kt:165)
	at kotlinx.coroutines.BuildersKt.withContext(Unknown Source)
	at io.kotest.engine.ExecutorExecutionContext.executeWithTimeoutInterruption(ExecutorExecutionContext.kt:75)
	at io.kotest.core.internal.TestCaseExecutor$executeAndWait$4$1$1$3.invokeSuspend(TestCaseExecutor.kt:232)
	at io.kotest.core.internal.TestCaseExecutor$executeAndWait$4$1$1$3.invoke(TestCaseExecutor.kt)
	at io.kotest.core.internal.TestCaseExecutor$executeAndWait$4$1$1$3.invoke(TestCaseExecutor.kt)
	at io.kotest.mpp.ReplayKt.replay(replay.kt:18)
	at io.kotest.core.internal.TestCaseExecutor$executeAndWait$4$1$1.invokeSuspend(TestCaseExecutor.kt:227)
	at io.kotest.core.internal.TestCaseExecutor$executeAndWait$4$1$1.invoke(TestCaseExecutor.kt)
	at io.kotest.core.internal.TestCaseExecutor$executeAndWait$4$1$1.invoke(TestCaseExecutor.kt)
	at io.kotest.engine.ExecutorExecutionContext$executeWithTimeoutInterruption$4.invokeSuspend(ExecutorExecutionContext.kt:77)
	at io.kotest.engine.ExecutorExecutionContext$executeWithTimeoutInterruption$4.invoke(ExecutorExecutionContext.kt)
	at io.kotest.engine.ExecutorExecutionContext$executeWithTimeoutInterruption$4.invoke(ExecutorExecutionContext.kt)
	at kotlinx.coroutines.intrinsics.UndispatchedKt.startUndispatchedOrReturn(Undispatched.kt:89)
	at kotlinx.coroutines.BuildersKt__Builders_commonKt.withContext(Builders.common.kt:165)
	at kotlinx.coroutines.BuildersKt.withContext(Unknown Source)
	at io.kotest.engine.ExecutorExecutionContext.executeWithTimeoutInterruption(ExecutorExecutionContext.kt:75)
	at io.kotest.core.internal.TestCaseExecutor$executeAndWait$4$1.invokeSuspend(TestCaseExecutor.kt:220)
	at io.kotest.core.internal.TestCaseExecutor$executeAndWait$4$1.invoke(TestCaseExecutor.kt)
	at io.kotest.core.internal.TestCaseExecutor$executeAndWait$4$1.invoke(TestCaseExecutor.kt)
	at kotlinx.coroutines.intrinsics.UndispatchedKt.startUndispatchedOrReturnIgnoreTimeout(Undispatched.kt:100)
	at kotlinx.coroutines.TimeoutKt.setupTimeout(Timeout.kt:148)
	at kotlinx.coroutines.TimeoutKt.withTimeout(Timeout.kt:44)
	at io.kotest.core.internal.TestCaseExecutor$executeAndWait$4.invokeSuspend(TestCaseExecutor.kt:219)
	at io.kotest.core.internal.TestCaseExecutor$executeAndWait$4.invoke(TestCaseExecutor.kt)
	at io.kotest.core.internal.TestCaseExecutor$executeAndWait$4.invoke(TestCaseExecutor.kt)
	at kotlinx.coroutines.intrinsics.UndispatchedKt.startUndispatchedOrReturn(Undispatched.kt:89)
	at kotlinx.coroutines.SupervisorKt.supervisorScope(Supervisor.kt:57)
	at io.kotest.core.internal.TestCaseExecutor.executeAndWait(TestCaseExecutor.kt:215)
	at io.kotest.core.internal.TestCaseExecutor.invokeTestCase(TestCaseExecutor.kt:184)
	at io.kotest.core.internal.TestCaseExecutor.executeActiveTest(TestCaseExecutor.kt:153)
	at io.kotest.core.internal.TestCaseExecutor.access$executeActiveTest(TestCaseExecutor.kt:57)
	at io.kotest.core.internal.TestCaseExecutor$intercept$innerExecute$1$1.invokeSuspend(TestCaseExecutor.kt:89)
	at io.kotest.core.internal.TestCaseExecutor$intercept$innerExecute$1$1.invoke(TestCaseExecutor.kt)
	at io.kotest.core.internal.TestCaseExecutor$intercept$innerExecute$1$1.invoke(TestCaseExecutor.kt)
	at io.kotest.core.internal.TestCaseExecutor.executeIfEnabled(TestCaseExecutor.kt:117)
	at io.kotest.core.internal.TestCaseExecutor.access$executeIfEnabled(TestCaseExecutor.kt:57)
	at io.kotest.core.internal.TestCaseExecutor$intercept$innerExecute$1.invokeSuspend(TestCaseExecutor.kt:89)
	at io.kotest.core.internal.TestCaseExecutor$intercept$innerExecute$1.invoke(TestCaseExecutor.kt)
	at io.kotest.core.internal.TestCaseExecutor$intercept$innerExecute$1.invoke(TestCaseExecutor.kt)
	at io.kotest.core.internal.TestCaseExecutor.intercept(TestCaseExecutor.kt:103)
	at io.kotest.core.internal.TestCaseExecutor.execute(TestCaseExecutor.kt:69)
	at io.kotest.engine.spec.runners.SingleInstanceSpecRunner.runTest(SingleInstanceSpecRunner.kt:104)
	at io.kotest.engine.spec.runners.SingleInstanceSpecRunner.access$runTest(SingleInstanceSpecRunner.kt:34)
	at io.kotest.engine.spec.runners.SingleInstanceSpecRunner$execute$interceptAndRun$2$4.invokeSuspend(SingleInstanceSpecRunner.kt:57)
	at io.kotest.engine.spec.runners.SingleInstanceSpecRunner$execute$interceptAndRun$2$4.invoke(SingleInstanceSpecRunner.kt)
	at io.kotest.engine.spec.runners.SingleInstanceSpecRunner$execute$interceptAndRun$2$4.invoke(SingleInstanceSpecRunner.kt)
	at io.kotest.engine.launchers.SequentialTestLauncher$launch$3$1$1.invokeSuspend(SequentialTestLauncher.kt:22)
	at kotlin.coroutines.jvm.internal.BaseContinuationImpl.resumeWith(ContinuationImpl.kt:33)
	at kotlinx.coroutines.DispatchedTask.run(DispatchedTask.kt:106)
	at java.base/java.util.concurrent.ThreadPoolExecutor.runWorker(ThreadPoolExecutor.java:1130)
	at java.base/java.util.concurrent.ThreadPoolExecutor$Worker.run(ThreadPoolExecutor.java:630)
	at java.base/java.lang.Thread.run(Thread.java:831)
</pre>
</span>
</div>
</div>
<div id="tab1" class="tab">
<h2>Tests</h2>
<table>
<thead>
<tr>
<th>Test</th>
<th>Duration</th>
<th>Result</th>
</tr>
</thead>
<tr>
<td class="failures">should call banking service with correct amount</td>
<td class="failures">1.028s</td>
<td class="failures">failed</td>
</tr>
<tr>
<td class="failures">should print a receipt if money is withdrawn successfully</td>
<td class="failures">0.004s</td>
<td class="failures">failed</td>
</tr>
<tr>
<td class="failures">should throw exception if banking service throws an exception</td>
<td class="failures">0.005s</td>
<td class="failures">failed</td>
</tr>
</table>
</div>
</div>
<div id="footer">
<p>
<div>
<label class="hidden" id="label-for-line-wrapping-toggle" for="line-wrapping-toggle">Wrap lines
<input id="line-wrapping-toggle" type="checkbox" autocomplete="off"/>
</label>
</div>Generated by 
<a href="http://www.gradle.org">Gradle 7.1</a> at 18-Aug-2021, 9:40:10 pm</p>
</div>
</div>
</body>
</html>
